<?xml version="1.0" encoding="UTF-8"?>
<!-- Generated by org.testng.reporters.JUnitReportReporter -->
<testsuite hostname="user-PC" failures="0" tests="1" name="TestCases.IntelyEdu.HomePageTest" time="9.115" errors="0" timestamp="2021-09-24T17:59:25 IST" skipped="0">
  <testcase classname="TestCases.IntelyEdu.HomePageTest" name="validInputs" time="9.115"/>
  <system-out/>
</testsuite> <!-- TestCases.IntelyEdu.HomePageTest -->
