<?xml version="1.0" encoding="UTF-8"?>
<!-- Generated by org.testng.reporters.JUnitReportReporter -->
<testsuite hostname="user-PC" failures="0" tests="1" name="Oxcy.IntelyEdu.PLCMinutes" time="51.815" errors="0" timestamp="2021-08-11T13:16:37 IST" skipped="0">
  <testcase classname="Oxcy.IntelyEdu.PLCMinutes" name="newPLCMinutes" time="51.815"/>
  <system-out/>
</testsuite> <!-- Oxcy.IntelyEdu.PLCMinutes -->
