<?xml version="1.0" encoding="UTF-8"?>
<!-- Generated by org.testng.reporters.JUnitReportReporter -->
<testsuite hostname="user-PC" failures="0" tests="1" name="Oxcy.IntelyEdu.TeamSetupTest" time="42.266" errors="0" timestamp="2021-08-11T20:09:36 IST" skipped="0">
  <testcase classname="Oxcy.IntelyEdu.TeamSetupTest" name="newTeam" time="42.266"/>
  <system-out/>
</testsuite> <!-- Oxcy.IntelyEdu.TeamSetupTest -->
