<?xml version="1.0" encoding="UTF-8"?>
<!-- Generated by org.testng.reporters.JUnitReportReporter -->
<testsuite hostname="user-PC" failures="0" tests="1" name="TestCases.IntelyEdu.NegMySchlAchievement" time="14.886" errors="0" timestamp="2021-08-25T16:05:29 IST" skipped="0">
  <testcase classname="TestCases.IntelyEdu.NegMySchlAchievement" name="negativeMySchlAchievement" time="14.886"/>
  <system-out/>
</testsuite> <!-- TestCases.IntelyEdu.NegMySchlAchievement -->
