<?xml version="1.0" encoding="UTF-8"?>
<!-- Generated by org.testng.reporters.JUnitReportReporter -->
<testsuite hostname="user-PC" failures="0" tests="1" name="Oxcy.IntelyEdu.HomePageTest" time="9.928" errors="0" timestamp="2021-08-11T16:30:27 IST" skipped="0">
  <testcase classname="Oxcy.IntelyEdu.HomePageTest" name="newHomePage" time="9.928"/>
  <system-out/>
</testsuite> <!-- Oxcy.IntelyEdu.HomePageTest -->
