<?xml version="1.0" encoding="UTF-8"?>
<!-- Generated by org.testng.reporters.JUnitReportReporter -->
<testsuite hostname="user-PC" failures="0" tests="1" name="TestCases.IntelyEdu.MySchlAchievementTest2" time="33.113" errors="0" timestamp="2021-09-03T14:37:55 IST" skipped="0">
  <testcase classname="TestCases.IntelyEdu.MySchlAchievementTest2" name="mySclAchievement" time="33.113"/>
  <system-out/>
</testsuite> <!-- TestCases.IntelyEdu.MySchlAchievementTest2 -->
