<?xml version="1.0" encoding="UTF-8"?>
<!-- Generated by org.testng.reporters.JUnitReportReporter -->
<testsuite hostname="user-PC" failures="0" tests="1" name="Oxcy.IntelyEdu.PLCMinutesTest" time="59.327" errors="0" timestamp="2021-08-11T20:08:19 IST" skipped="0">
  <testcase classname="Oxcy.IntelyEdu.PLCMinutesTest" name="newPLCMinutes" time="59.327"/>
  <system-out/>
</testsuite> <!-- Oxcy.IntelyEdu.PLCMinutesTest -->
