<?xml version="1.0" encoding="UTF-8"?>
<!-- Generated by org.testng.reporters.JUnitReportReporter -->
<testsuite hostname="user-PC" failures="0" tests="1" name="TestCases.IntelyEdu.NegClassSetuptTest" time="20.781" errors="0" timestamp="2021-08-18T14:34:37 IST" skipped="0">
  <testcase classname="TestCases.IntelyEdu.NegClassSetuptTest" name="negativeClassSetup" time="20.781"/>
  <system-out/>
</testsuite> <!-- TestCases.IntelyEdu.NegClassSetuptTest -->
