<?xml version="1.0" encoding="UTF-8"?>
<!-- Generated by org.testng.reporters.JUnitReportReporter -->
<testsuite hostname="user-PC" failures="0" tests="1" name="TestCases.IntelyEdu.NegTeamSetup" time="12.783" errors="0" timestamp="2021-08-17T17:07:12 IST" skipped="0">
  <testcase classname="TestCases.IntelyEdu.NegTeamSetup" name="negTeamSetup" time="12.783"/>
  <system-out/>
</testsuite> <!-- TestCases.IntelyEdu.NegTeamSetup -->
